<?xml version="1.0" encoding="UTF-8"?>
<testsuite xmlns:xsi="http://www.w3.org/2001/XMLSchema-instance" xsi:noNamespaceSchemaLocation="https://maven.apache.org/surefire/maven-surefire-plugin/xsd/surefire-test-report.xsd" version="3.0.2" name="io.github.Zeta1313.centroidfinder.CentroidFinderTest" time="0.247" tests="23" errors="0" skipped="0" failures="0">
  <properties>
[...]
</properties>
  <testcase name="testFindConnectedGroups_multipleGroups" classname="io.github.Zeta1313.centroidfinder.CentroidFinderTest" time="0.098"/>
  <testcase name="testSymmetry" classname="io.github.Zeta1313.centroidfinder.CentroidFinderTest" time="0.004"/>
  <testcase name="CalculatesCorrectDistance" classname="io.github.Zeta1313.centroidfinder.CentroidFinderTest" time="0.004"/>
  <testcase name="DuplicateDistance" classname="io.github.Zeta1313.centroidfinder.CentroidFinderTest" time="0.002"/>
  <testcase name="testToBinaryArray_allOutsideThreshold" classname="io.github.Zeta1313.centroidfinder.CentroidFinderTest" time="0.004"/>
  <testcase name="testLargeImageWithMultipleGroups" classname="io.github.Zeta1313.centroidfinder.CentroidFinderTest" time="0.002"/>
  <testcase name="testToBufferedImage_mixedValues" classname="io.github.Zeta1313.centroidfinder.CentroidFinderTest" time="0.002"/>
  <testcase name="testToBinaryArray_allWithinThreshold" classname="io.github.Zeta1313.centroidfinder.CentroidFinderTest" time="0.001"/>
  <testcase name="testRedToGreenDistance" classname="io.github.Zeta1313.centroidfinder.CentroidFinderTest" time="0.002"/>
  <testcase name="testBlackToWhiteDistance" classname="io.github.Zeta1313.centroidfinder.CentroidFinderTest" time="0.001"/>
  <testcase name="testInvalidArrayThrowsException" classname="io.github.Zeta1313.centroidfinder.CentroidFinderTest" time="0.003"/>
  <testcase name="testFindConnectedGroups_singleGroup" classname="io.github.Zeta1313.centroidfinder.CentroidFinderTest" time="0.014"/>
  <testcase name="testToBufferedImage_allBlack" classname="io.github.Zeta1313.centroidfinder.CentroidFinderTest" time="0.001"/>
  <testcase name="testToBufferedImage_allWhite" classname="io.github.Zeta1313.centroidfinder.CentroidFinderTest" time="0.002"/>
  <testcase name="findLargest" classname="io.github.Zeta1313.centroidfinder.CentroidFinderTest" time="0.011"/>
  <testcase name="NearestGroup" classname="io.github.Zeta1313.centroidfinder.CentroidFinderTest" time="0.002"/>
  <testcase name="findLargestTie" classname="io.github.Zeta1313.centroidfinder.CentroidFinderTest" time="0.001"/>
  <testcase name="testMultiPixelGroupCentroidAndSize" classname="io.github.Zeta1313.centroidfinder.CentroidFinderTest" time="0.001"/>
  <testcase name="testNullImageThrowsException" classname="io.github.Zeta1313.centroidfinder.CentroidFinderTest" time="0.001"/>
  <testcase name="testBlueToYellowDistance" classname="io.github.Zeta1313.centroidfinder.CentroidFinderTest" time="0.001"/>
  <testcase name="testSameColorDistanceZero" classname="io.github.Zeta1313.centroidfinder.CentroidFinderTest" time="0.001"/>
  <testcase name="testToBinaryArray_mixedValues" classname="io.github.Zeta1313.centroidfinder.CentroidFinderTest" time="0.002"/>
  <testcase name="testSinglePixelGroup" classname="io.github.Zeta1313.centroidfinder.CentroidFinderTest" time="0.0"/>
</testsuite>